# JRE version: OpenJDK Runtime Environment (11.0.10) (build 11.0.10+0-b96-7249189)
# Java VM: OpenJDK 64-Bit Server VM (11.0.10+0-b96-7249189, mixed mode, tiered, compressed oops, g1 gc, windows-amd64)
Heap:
 garbage-first heap   total 324608K, used 246900K [0x0000000080000000, 0x0000000100000000)
  region size 1024K, 169 young (173056K), 2 survivors (2048K)
 Metaspace       used 66572K, capacity 68382K, committed 68480K, reserved 1110016K
  class space    used 8171K, capacity 8784K, committed 8832K, reserved 1048576K
GC Heap History (20 events):
Event: 238.130 GC heap before
{Heap before GC invocations=71 (full 0):
 garbage-first heap   total 225280K, used 195721K [0x0000000080000000, 0x0000000100000000)
  region size 1024K, 117 young (119808K), 5 survivors (5120K)
 Metaspace       used 66543K, capacity 68377K, committed 68480K, reserved 1110016K
  class space    used 8171K, capacity 8784K, committed 8832K, reserved 1048576K
}
Event: 238.135 GC heap after
{Heap after GC invocations=72 (full 0):
 garbage-first heap   total 225280K, used 82318K [0x0000000080000000, 0x0000000100000000)
  region size 1024K, 5 young (5120K), 5 survivors (5120K)
 Metaspace       used 66543K, capacity 68377K, committed 68480K, reserved 1110016K
  class space    used 8171K, capacity 8784K, committed 8832K, reserved 1048576K
}
Event: 238.316 GC heap before
{Heap before GC invocations=72 (full 0):
 garbage-first heap   total 225280K, used 197006K [0x0000000080000000, 0x0000000100000000)
  region size 1024K, 117 young (119808K), 5 survivors (5120K)
 Metaspace       used 66543K, capacity 68377K, committed 68480K, reserved 1110016K
  class space    used 8171K, capacity 8784K, committed 8832K, reserved 1048576K
}
Event: 238.322 GC heap after
{Heap after GC invocations=73 (full 0):
 garbage-first heap   total 270336K, used 83267K [0x0000000080000000, 0x0000000100000000)
  region size 1024K, 6 young (6144K), 6 survivors (6144K)
 Metaspace       used 66543K, capacity 68377K, committed 68480K, reserved 1110016K
  class space    used 8171K, capacity 8784K, committed 8832K, reserved 1048576K
}
Event: 238.548 GC heap before
{Heap before GC invocations=73 (full 0):
 garbage-first heap   total 270336K, used 219459K [0x0000000080000000, 0x0000000100000000)
  region size 1024K, 139 young (142336K), 6 survivors (6144K)
 Metaspace       used 66543K, capacity 68377K, committed 68480K, reserved 1110016K
  class space    used 8171K, capacity 8784K, committed 8832K, reserved 1048576K
}
Event: 238.554 GC heap after
{Heap after GC invocations=74 (full 0):
 garbage-first heap   total 270336K, used 83706K [0x0000000080000000, 0x0000000100000000)
  region size 1024K, 7 young (7168K), 7 survivors (7168K)
 Metaspace       used 66543K, capacity 68377K, committed 68480K, reserved 1110016K
  class space    used 8171K, capacity 8784K, committed 8832K, reserved 1048576K
}
Event: 238.761 GC heap before
{Heap before GC invocations=74 (full 0):
 garbage-first heap   total 270336K, used 221946K [0x0000000080000000, 0x0000000100000000)
  region size 1024K, 142 young (145408K), 7 survivors (7168K)
 Metaspace       used 66543K, capacity 68377K, committed 68480K, reserved 1110016K
  class space    used 8171K, capacity 8784K, committed 8832K, reserved 1048576K
}
Event: 238.768 GC heap after
{Heap after GC invocations=75 (full 0):
 garbage-first heap   total 270336K, used 84777K [0x0000000080000000, 0x0000000100000000)
  region size 1024K, 8 young (8192K), 8 survivors (8192K)
 Metaspace       used 66543K, capacity 68377K, committed 68480K, reserved 1110016K
  class space    used 8171K, capacity 8784K, committed 8832K, reserved 1048576K
}
Event: 238.981 GC heap before
{Heap before GC invocations=75 (full 0):
 garbage-first heap   total 270336K, used 227113K [0x0000000080000000, 0x0000000100000000)
  region size 1024K, 147 young (150528K), 8 survivors (8192K)
 Metaspace       used 66543K, capacity 68377K, committed 68480K, reserved 1110016K
  class space    used 8171K, capacity 8784K, committed 8832K, reserved 1048576K
}
Event: 238.988 GC heap after
{Heap after GC invocations=76 (full 0):
 garbage-first heap   total 270336K, used 85406K [0x0000000080000000, 0x0000000100000000)
  region size 1024K, 8 young (8192K), 8 survivors (8192K)
 Metaspace       used 66543K, capacity 68377K, committed 68480K, reserved 1110016K
  class space    used 8171K, capacity 8784K, committed 8832K, reserved 1048576K
}
Event: 239.206 GC heap before
{Heap before GC invocations=76 (full 0):
 garbage-first heap   total 270336K, used 229790K [0x0000000080000000, 0x0000000100000000)
  region size 1024K, 150 young (153600K), 8 survivors (8192K)
 Metaspace       used 66543K, capacity 68377K, committed 68480K, reserved 1110016K
  class space    used 8171K, capacity 8784K, committed 8832K, reserved 1048576K
}
Event: 239.217 GC heap after
{Heap after GC invocations=77 (full 0):
 garbage-first heap   total 324608K, used 86708K [0x0000000080000000, 0x0000000100000000)
  region size 1024K, 9 young (9216K), 9 survivors (9216K)
 Metaspace       used 66543K, capacity 68377K, committed 68480K, reserved 1110016K
  class space    used 8171K, capacity 8784K, committed 8832K, reserved 1048576K
}
Event: 239.645 GC heap before
{Heap before GC invocations=77 (full 0):
 garbage-first heap   total 324608K, used 272052K [0x0000000080000000, 0x0000000100000000)
  region size 1024K, 190 young (194560K), 9 survivors (9216K)
 Metaspace       used 66543K, capacity 68377K, committed 68480K, reserved 1110016K
  class space    used 8171K, capacity 8784K, committed 8832K, reserved 1048576K
}
Event: 239.650 GC heap after
{Heap after GC invocations=78 (full 0):
 garbage-first heap   total 324608K, used 81982K [0x0000000080000000, 0x0000000100000000)
  region size 1024K, 6 young (6144K), 6 survivors (6144K)
 Metaspace       used 66543K, capacity 68377K, committed 68480K, reserved 1110016K
  class space    used 8171K, capacity 8784K, committed 8832K, reserved 1048576K
}
Event: 240.126 GC heap before
{Heap before GC invocations=78 (full 0):
 garbage-first heap   total 324608K, used 270398K [0x0000000080000000, 0x0000000100000000)
  region size 1024K, 190 young (194560K), 6 survivors (6144K)
 Metaspace       used 66543K, capacity 68377K, committed 68480K, reserved 1110016K
  class space    used 8171K, capacity 8784K, committed 8832K, reserved 1048576K
}
Event: 240.132 GC heap after
{Heap after GC invocations=79 (full 0):
 garbage-first heap   total 324608K, used 82617K [0x0000000080000000, 0x0000000100000000)
  region size 1024K, 6 young (6144K), 6 survivors (6144K)
 Metaspace       used 66543K, capacity 68377K, committed 68480K, reserved 1110016K
  class space    used 8171K, capacity 8784K, committed 8832K, reserved 1048576K
}
Event: 240.638 GC heap before
{Heap before GC invocations=79 (full 0):
 garbage-first heap   total 324608K, used 271033K [0x0000000080000000, 0x0000000100000000)
  region size 1024K, 190 young (194560K), 6 survivors (6144K)
 Metaspace       used 66543K, capacity 68377K, committed 68480K, reserved 1110016K
  class space    used 8171K, capacity 8784K, committed 8832K, reserved 1048576K
}
Event: 240.645 GC heap after
{Heap after GC invocations=80 (full 0):
 garbage-first heap   total 324608K, used 83830K [0x0000000080000000, 0x0000000100000000)
  region size 1024K, 7 young (7168K), 7 survivors (7168K)
 Metaspace       used 66543K, capacity 68377K, committed 68480K, reserved 1110016K
  class space    used 8171K, capacity 8784K, committed 8832K, reserved 1048576K
}
Event: 243.119 GC heap before
{Heap before GC invocations=80 (full 0):
 garbage-first heap   total 324608K, used 271222K [0x0000000080000000, 0x0000000100000000)
  region size 1024K, 190 young (194560K), 7 survivors (7168K)
 Metaspace       used 66569K, capacity 68382K, committed 68480K, reserved 1110016K
  class space    used 8171K, capacity 8784K, committed 8832K, reserved 1048576K
}
Event: 243.122 GC heap after
{Heap after GC invocations=81 (full 0):
 garbage-first heap   total 324608K, used 76916K [0x0000000080000000, 0x0000000100000000)
  region size 1024K, 2 young (2048K), 2 survivors (2048K)
 Metaspace       used 66569K, capacity 68382K, committed 68480K, reserved 1110016K
  class space    used 8171K, capacity 8784K, committed 8832K, reserved 1048576K
}

