# JRE version: OpenJDK Runtime Environment (11.0.10) (build 11.0.10+0-b96-7249189)
# Java VM: OpenJDK 64-Bit Server VM (11.0.10+0-b96-7249189, mixed mode, tiered, compressed oops, g1 gc, windows-amd64)
Heap:
 garbage-first heap   total 270336K, used 168527K [0x0000000080000000, 0x0000000100000000)
  region size 1024K, 28 young (28672K), 2 survivors (2048K)
 Metaspace       used 144689K, capacity 150795K, committed 151084K, reserved 1179648K
  class space    used 17876K, capacity 19999K, committed 20044K, reserved 1048576K
GC Heap History (20 events):
Event: 2960.659 GC heap before
{Heap before GC invocations=200 (full 0):
 garbage-first heap   total 270336K, used 208838K [0x0000000080000000, 0x0000000100000000)
  region size 1024K, 49 young (50176K), 2 survivors (2048K)
 Metaspace       used 144317K, capacity 150436K, committed 150572K, reserved 1179648K
  class space    used 17875K, capacity 19998K, committed 20044K, reserved 1048576K
}
Event: 2960.671 GC heap after
{Heap after GC invocations=201 (full 0):
 garbage-first heap   total 270336K, used 165362K [0x0000000080000000, 0x0000000100000000)
  region size 1024K, 5 young (5120K), 5 survivors (5120K)
 Metaspace       used 144317K, capacity 150436K, committed 150572K, reserved 1179648K
  class space    used 17875K, capacity 19998K, committed 20044K, reserved 1048576K
}
Event: 2961.102 GC heap before
{Heap before GC invocations=201 (full 0):
 garbage-first heap   total 270336K, used 236018K [0x0000000080000000, 0x0000000100000000)
  region size 1024K, 59 young (60416K), 5 survivors (5120K)
 Metaspace       used 144319K, capacity 150500K, committed 150572K, reserved 1179648K
  class space    used 17875K, capacity 19998K, committed 20044K, reserved 1048576K
}
Event: 2961.110 GC heap after
{Heap after GC invocations=202 (full 0):
 garbage-first heap   total 270336K, used 164645K [0x0000000080000000, 0x0000000100000000)
  region size 1024K, 4 young (4096K), 4 survivors (4096K)
 Metaspace       used 144319K, capacity 150500K, committed 150572K, reserved 1179648K
  class space    used 17875K, capacity 19998K, committed 20044K, reserved 1048576K
}
Event: 2961.903 GC heap before
{Heap before GC invocations=203 (full 0):
 garbage-first heap   total 270336K, used 220965K [0x0000000080000000, 0x0000000100000000)
  region size 1024K, 60 young (61440K), 4 survivors (4096K)
 Metaspace       used 144370K, capacity 150564K, committed 150828K, reserved 1179648K
  class space    used 17876K, capacity 19998K, committed 20044K, reserved 1048576K
}
Event: 2961.907 GC heap after
{Heap after GC invocations=204 (full 0):
 garbage-first heap   total 270336K, used 162237K [0x0000000080000000, 0x0000000100000000)
  region size 1024K, 2 young (2048K), 2 survivors (2048K)
 Metaspace       used 144370K, capacity 150564K, committed 150828K, reserved 1179648K
  class space    used 17876K, capacity 19998K, committed 20044K, reserved 1048576K
}
Event: 2962.225 GC heap before
{Heap before GC invocations=204 (full 0):
 garbage-first heap   total 270336K, used 172477K [0x0000000080000000, 0x0000000100000000)
  region size 1024K, 13 young (13312K), 2 survivors (2048K)
 Metaspace       used 144371K, capacity 150564K, committed 150828K, reserved 1179648K
  class space    used 17876K, capacity 19998K, committed 20044K, reserved 1048576K
}
Event: 2962.240 GC heap after
{Heap after GC invocations=205 (full 0):
 garbage-first heap   total 270336K, used 153606K [0x0000000080000000, 0x0000000100000000)
  region size 1024K, 2 young (2048K), 2 survivors (2048K)
 Metaspace       used 144371K, capacity 150564K, committed 150828K, reserved 1179648K
  class space    used 17876K, capacity 19998K, committed 20044K, reserved 1048576K
}
Event: 2967.233 GC heap before
{Heap before GC invocations=205 (full 0):
 garbage-first heap   total 270336K, used 220166K [0x0000000080000000, 0x0000000100000000)
  region size 1024K, 68 young (69632K), 2 survivors (2048K)
 Metaspace       used 144407K, capacity 150584K, committed 150828K, reserved 1179648K
  class space    used 17876K, capacity 19999K, committed 20044K, reserved 1048576K
}
Event: 2967.246 GC heap after
{Heap after GC invocations=206 (full 0):
 garbage-first heap   total 270336K, used 156179K [0x0000000080000000, 0x0000000100000000)
  region size 1024K, 5 young (5120K), 5 survivors (5120K)
 Metaspace       used 144407K, capacity 150584K, committed 150828K, reserved 1179648K
  class space    used 17876K, capacity 19999K, committed 20044K, reserved 1048576K
}
Event: 2967.952 GC heap before
{Heap before GC invocations=207 (full 0):
 garbage-first heap   total 270336K, used 217619K [0x0000000080000000, 0x0000000100000000)
  region size 1024K, 71 young (72704K), 5 survivors (5120K)
 Metaspace       used 144495K, capacity 150654K, committed 150828K, reserved 1179648K
  class space    used 17876K, capacity 19999K, committed 20044K, reserved 1048576K
}
Event: 2967.970 GC heap after
{Heap after GC invocations=208 (full 0):
 garbage-first heap   total 270336K, used 151760K [0x0000000080000000, 0x0000000100000000)
  region size 1024K, 9 young (9216K), 9 survivors (9216K)
 Metaspace       used 144495K, capacity 150654K, committed 150828K, reserved 1179648K
  class space    used 17876K, capacity 19999K, committed 20044K, reserved 1048576K
}
Event: 2967.990 GC heap before
{Heap before GC invocations=208 (full 0):
 garbage-first heap   total 270336K, used 155856K [0x0000000080000000, 0x0000000100000000)
  region size 1024K, 13 young (13312K), 9 survivors (9216K)
 Metaspace       used 144495K, capacity 150654K, committed 150828K, reserved 1179648K
  class space    used 17876K, capacity 19999K, committed 20044K, reserved 1048576K
}
Event: 2968.017 GC heap after
{Heap after GC invocations=209 (full 0):
 garbage-first heap   total 270336K, used 139583K [0x0000000080000000, 0x0000000100000000)
  region size 1024K, 1 young (1024K), 1 survivors (1024K)
 Metaspace       used 144495K, capacity 150654K, committed 150828K, reserved 1179648K
  class space    used 17876K, capacity 19999K, committed 20044K, reserved 1048576K
}
Event: 2968.101 GC heap before
{Heap before GC invocations=209 (full 0):
 garbage-first heap   total 270336K, used 145727K [0x0000000080000000, 0x0000000100000000)
  region size 1024K, 9 young (9216K), 1 survivors (1024K)
 Metaspace       used 144495K, capacity 150654K, committed 150828K, reserved 1179648K
  class space    used 17876K, capacity 19999K, committed 20044K, reserved 1048576K
}
Event: 2968.108 GC heap after
{Heap after GC invocations=210 (full 0):
 garbage-first heap   total 270336K, used 140383K [0x0000000080000000, 0x0000000100000000)
  region size 1024K, 2 young (2048K), 2 survivors (2048K)
 Metaspace       used 144495K, capacity 150654K, committed 150828K, reserved 1179648K
  class space    used 17876K, capacity 19999K, committed 20044K, reserved 1048576K
}
Event: 3489.396 GC heap before
{Heap before GC invocations=211 (full 0):
 garbage-first heap   total 270336K, used 227423K [0x0000000080000000, 0x0000000100000000)
  region size 1024K, 78 young (79872K), 2 survivors (2048K)
 Metaspace       used 144616K, capacity 150730K, committed 150828K, reserved 1179648K
  class space    used 17876K, capacity 19999K, committed 20044K, reserved 1048576K
}
Event: 3489.404 GC heap after
{Heap after GC invocations=212 (full 0):
 garbage-first heap   total 270336K, used 141208K [0x0000000080000000, 0x0000000100000000)
  region size 1024K, 3 young (3072K), 3 survivors (3072K)
 Metaspace       used 144616K, capacity 150730K, committed 150828K, reserved 1179648K
  class space    used 17876K, capacity 19999K, committed 20044K, reserved 1048576K
}
Event: 3489.790 GC heap before
{Heap before GC invocations=212 (full 0):
 garbage-first heap   total 270336K, used 151448K [0x0000000080000000, 0x0000000100000000)
  region size 1024K, 13 young (13312K), 3 survivors (3072K)
 Metaspace       used 144683K, capacity 150731K, committed 150828K, reserved 1179648K
  class space    used 17876K, capacity 19999K, committed 20044K, reserved 1048576K
}
Event: 3489.812 GC heap after
{Heap after GC invocations=213 (full 0):
 garbage-first heap   total 270336K, used 142927K [0x0000000080000000, 0x0000000100000000)
  region size 1024K, 2 young (2048K), 2 survivors (2048K)
 Metaspace       used 144683K, capacity 150731K, committed 150828K, reserved 1179648K
  class space    used 17876K, capacity 19999K, committed 20044K, reserved 1048576K
}

